Build started 9/9/2013 2:18:04 PM.
     1>Project "D:\test\C++\Projects\Win32\TicTacToe\TicTacToe\TicTacToe.vcxproj" on node 2 (rebuild target(s)).
     1>_PrepareForClean:
         Deleting file "Debug\TicTacToe.lastbuildstate".
       InitializeBuildStatus:
         Touching "Debug\TicTacToe.unsuccessfulbuild".
       GenerateTargetFrameworkMonikerAttribute:
       Skipping target "GenerateTargetFrameworkMonikerAttribute" because all output files are up-to-date with respect to the input files.
       ClCompile:
         C:\Program Files (x86)\Microsoft Visual Studio 10.0\VC\bin\CL.exe /c /AI"C:\Program Files (x86)\Reference Assemblies\Microsoft\Framework\.NETFramework\v4.0" /Zi /clr /nologo /W3 /WX- /Od /Oy- /D WIN32 /D _DEBUG /EHa /MDd /GS /fp:precise /Zc:wchar_t /Zc:forScope /Fo"Debug\\" /Fd"Debug\vc100.pdb" /TP /analyze- /errorReport:prompt ..\tictactoe.cpp /clr:nostdlib 
         tictactoe.cpp
     1>..\tictactoe.cpp(45): warning C4244: 'argument' : conversion from 'time_t' to 'unsigned int', possible loss of data
     1>d:\test\c++\projects\win32\tictactoe\board.h(20): warning C4715: 'Board::SetSquare' : not all control paths return a value
         C:\Program Files (x86)\Microsoft Visual Studio 10.0\VC\bin\CL.exe /c /Zi /clr /nologo /W3 /WX- /Od /Oy- /D WIN32 /D _DEBUG /EHa /MDd /GS /fp:precise /Zc:wchar_t /Zc:forScope /Fo"Debug\\" /Fd"Debug\vc100.pdb" /TP /analyze- /errorReport:prompt "C:\Users\Samuel\AppData\Local\Temp\.NETFramework,Version=v4.0.AssemblyAttributes.cpp"
         .NETFramework,Version=v4.0.AssemblyAttributes.cpp
       ResourceCompile:
         C:\Program Files (x86)\Microsoft SDKs\Windows\v7.0A\bin\rc.exe /l"0x0409" /nologo /fo"Debug\TicTacToe.res" TicTacToe.rc 
       Link:
         C:\Program Files (x86)\Microsoft Visual Studio 10.0\VC\bin\link.exe /ERRORREPORT:PROMPT /OUT:"D:\test\C++\Projects\Win32\TicTacToe\Debug\TicTacToe.exe" /INCREMENTAL /NOLOGO /MANIFEST /ManifestFile:"Debug\TicTacToe.exe.intermediate.manifest" /MANIFESTUAC:"level='asInvoker' uiAccess='false'" /DEBUG /PDB:"D:\test\C++\Projects\Win32\TicTacToe\Debug\TicTacToe.pdb" /ASSEMBLYDEBUG /TLBID:1 /DYNAMICBASE /FIXED:NO /NXCOMPAT /MACHINE:X86 Debug\TicTacToe.res
         Debug\tictactoe.obj
         "Debug\.NETFramework,Version=v4.0.AssemblyAttributes.obj"
         TicTacToe.vcxproj -> D:\test\C++\Projects\Win32\TicTacToe\Debug\TicTacToe.exe
       Manifest:
         C:\Program Files (x86)\Microsoft SDKs\Windows\v7.0A\bin\mt.exe /nologo /verbose /outputresource:"D:\test\C++\Projects\Win32\TicTacToe\Debug\TicTacToe.exe;#1" /manifest Debug\TicTacToe.exe.intermediate.manifest
       FinalizeBuildStatus:
         Deleting file "Debug\TicTacToe.unsuccessfulbuild".
         Touching "Debug\TicTacToe.lastbuildstate".
     1>Done Building Project "D:\test\C++\Projects\Win32\TicTacToe\TicTacToe\TicTacToe.vcxproj" (rebuild target(s)).

Build succeeded.

Time Elapsed 00:00:02.46
