d:\test\c++\projects\win32\tictactoe\tictactoe\x64\debug\tictactoe.obj
d:\test\c++\projects\win32\tictactoe\tictactoe\x64\debug\vc100.pdb
d:\test\c++\projects\win32\tictactoe\x64\debug\tictactoe.ilk
d:\test\c++\projects\win32\tictactoe\x64\debug\tictactoe.exe
d:\test\c++\projects\win32\tictactoe\tictactoe\x64\debug\tictactoe.exe.intermediate.manifest
d:\test\c++\projects\win32\tictactoe\x64\debug\tictactoe.pdb
d:\test\c++\projects\win32\tictactoe\tictactoe\x64\debug\tictactoe.exe.embed.manifest
d:\test\c++\projects\win32\tictactoe\tictactoe\x64\debug\tictactoe.res
d:\test\c++\projects\win32\tictactoe\tictactoe\x64\debug\tictactoe.exe.embed.manifest.res
d:\test\c++\projects\win32\tictactoe\tictactoe\x64\debug\vc120.pdb
d:\test\c++\projects\win32\tictactoe\tictactoe\x64\debug\vc120.idb
d:\test\c++\projects\win32\tictactoe\tictactoe\x64\debug\tictactoe.vcxprojresolveassemblyreference.cache
d:\test\c++\projects\win32\tictactoe\tictactoe\x64\debug\.netframework,version=v4.0.assemblyattributes.obj
d:\test\c++\projects\win32\tictactoe\tictactoe\x64\debug\cl.command.1.tlog
d:\test\c++\projects\win32\tictactoe\tictactoe\x64\debug\cl.read.1.tlog
d:\test\c++\projects\win32\tictactoe\tictactoe\x64\debug\cl.write.1.tlog
d:\test\c++\projects\win32\tictactoe\tictactoe\x64\debug\link-cvtres.read.1.tlog
d:\test\c++\projects\win32\tictactoe\tictactoe\x64\debug\link-cvtres.write.1.tlog
d:\test\c++\projects\win32\tictactoe\tictactoe\x64\debug\link.1168-cvtres.read.1.tlog
d:\test\c++\projects\win32\tictactoe\tictactoe\x64\debug\link.1168-cvtres.write.1.tlog
d:\test\c++\projects\win32\tictactoe\tictactoe\x64\debug\link.1168.read.1.tlog
d:\test\c++\projects\win32\tictactoe\tictactoe\x64\debug\link.1168.write.1.tlog
d:\test\c++\projects\win32\tictactoe\tictactoe\x64\debug\link.1736-cvtres.read.1.tlog
d:\test\c++\projects\win32\tictactoe\tictactoe\x64\debug\link.1736-cvtres.write.1.tlog
d:\test\c++\projects\win32\tictactoe\tictactoe\x64\debug\link.1736.read.1.tlog
d:\test\c++\projects\win32\tictactoe\tictactoe\x64\debug\link.1736.write.1.tlog
d:\test\c++\projects\win32\tictactoe\tictactoe\x64\debug\link.3084-cvtres.read.1.tlog
d:\test\c++\projects\win32\tictactoe\tictactoe\x64\debug\link.3084-cvtres.write.1.tlog
d:\test\c++\projects\win32\tictactoe\tictactoe\x64\debug\link.3084.read.1.tlog
d:\test\c++\projects\win32\tictactoe\tictactoe\x64\debug\link.3084.write.1.tlog
d:\test\c++\projects\win32\tictactoe\tictactoe\x64\debug\link.332-cvtres.read.1.tlog
d:\test\c++\projects\win32\tictactoe\tictactoe\x64\debug\link.332-cvtres.write.1.tlog
d:\test\c++\projects\win32\tictactoe\tictactoe\x64\debug\link.332.read.1.tlog
d:\test\c++\projects\win32\tictactoe\tictactoe\x64\debug\link.332.write.1.tlog
d:\test\c++\projects\win32\tictactoe\tictactoe\x64\debug\link.3868-cvtres.read.1.tlog
d:\test\c++\projects\win32\tictactoe\tictactoe\x64\debug\link.3868-cvtres.write.1.tlog
d:\test\c++\projects\win32\tictactoe\tictactoe\x64\debug\link.3868.read.1.tlog
d:\test\c++\projects\win32\tictactoe\tictactoe\x64\debug\link.3868.write.1.tlog
d:\test\c++\projects\win32\tictactoe\tictactoe\x64\debug\link.4164-cvtres.read.1.tlog
d:\test\c++\projects\win32\tictactoe\tictactoe\x64\debug\link.4164-cvtres.write.1.tlog
d:\test\c++\projects\win32\tictactoe\tictactoe\x64\debug\link.4164.read.1.tlog
d:\test\c++\projects\win32\tictactoe\tictactoe\x64\debug\link.4164.write.1.tlog
d:\test\c++\projects\win32\tictactoe\tictactoe\x64\debug\link.4296-cvtres.read.1.tlog
d:\test\c++\projects\win32\tictactoe\tictactoe\x64\debug\link.4296-cvtres.write.1.tlog
d:\test\c++\projects\win32\tictactoe\tictactoe\x64\debug\link.4296.read.1.tlog
d:\test\c++\projects\win32\tictactoe\tictactoe\x64\debug\link.4296.write.1.tlog
d:\test\c++\projects\win32\tictactoe\tictactoe\x64\debug\link.4468-cvtres.read.1.tlog
d:\test\c++\projects\win32\tictactoe\tictactoe\x64\debug\link.4468-cvtres.write.1.tlog
d:\test\c++\projects\win32\tictactoe\tictactoe\x64\debug\link.4468.read.1.tlog
d:\test\c++\projects\win32\tictactoe\tictactoe\x64\debug\link.4468.write.1.tlog
d:\test\c++\projects\win32\tictactoe\tictactoe\x64\debug\link.4516-cvtres.read.1.tlog
d:\test\c++\projects\win32\tictactoe\tictactoe\x64\debug\link.4516-cvtres.write.1.tlog
d:\test\c++\projects\win32\tictactoe\tictactoe\x64\debug\link.4516.read.1.tlog
d:\test\c++\projects\win32\tictactoe\tictactoe\x64\debug\link.4516.write.1.tlog
d:\test\c++\projects\win32\tictactoe\tictactoe\x64\debug\link.4680-cvtres.read.1.tlog
d:\test\c++\projects\win32\tictactoe\tictactoe\x64\debug\link.4680-cvtres.write.1.tlog
d:\test\c++\projects\win32\tictactoe\tictactoe\x64\debug\link.4680.read.1.tlog
d:\test\c++\projects\win32\tictactoe\tictactoe\x64\debug\link.4680.write.1.tlog
d:\test\c++\projects\win32\tictactoe\tictactoe\x64\debug\link.4740-cvtres.read.1.tlog
d:\test\c++\projects\win32\tictactoe\tictactoe\x64\debug\link.4740-cvtres.write.1.tlog
d:\test\c++\projects\win32\tictactoe\tictactoe\x64\debug\link.4740.read.1.tlog
d:\test\c++\projects\win32\tictactoe\tictactoe\x64\debug\link.4740.write.1.tlog
d:\test\c++\projects\win32\tictactoe\tictactoe\x64\debug\link.4968-cvtres.read.1.tlog
d:\test\c++\projects\win32\tictactoe\tictactoe\x64\debug\link.4968-cvtres.write.1.tlog
d:\test\c++\projects\win32\tictactoe\tictactoe\x64\debug\link.4968.read.1.tlog
d:\test\c++\projects\win32\tictactoe\tictactoe\x64\debug\link.4968.write.1.tlog
d:\test\c++\projects\win32\tictactoe\tictactoe\x64\debug\link.5748-cvtres.read.1.tlog
d:\test\c++\projects\win32\tictactoe\tictactoe\x64\debug\link.5748-cvtres.write.1.tlog
d:\test\c++\projects\win32\tictactoe\tictactoe\x64\debug\link.5748.read.1.tlog
d:\test\c++\projects\win32\tictactoe\tictactoe\x64\debug\link.5748.write.1.tlog
d:\test\c++\projects\win32\tictactoe\tictactoe\x64\debug\link.5992-cvtres.read.1.tlog
d:\test\c++\projects\win32\tictactoe\tictactoe\x64\debug\link.5992-cvtres.write.1.tlog
d:\test\c++\projects\win32\tictactoe\tictactoe\x64\debug\link.5992.read.1.tlog
d:\test\c++\projects\win32\tictactoe\tictactoe\x64\debug\link.5992.write.1.tlog
d:\test\c++\projects\win32\tictactoe\tictactoe\x64\debug\link.6004-cvtres.read.1.tlog
d:\test\c++\projects\win32\tictactoe\tictactoe\x64\debug\link.6004-cvtres.write.1.tlog
d:\test\c++\projects\win32\tictactoe\tictactoe\x64\debug\link.6004.read.1.tlog
d:\test\c++\projects\win32\tictactoe\tictactoe\x64\debug\link.6004.write.1.tlog
d:\test\c++\projects\win32\tictactoe\tictactoe\x64\debug\link.6316-cvtres.read.1.tlog
d:\test\c++\projects\win32\tictactoe\tictactoe\x64\debug\link.6316-cvtres.write.1.tlog
d:\test\c++\projects\win32\tictactoe\tictactoe\x64\debug\link.6316.read.1.tlog
d:\test\c++\projects\win32\tictactoe\tictactoe\x64\debug\link.6316.write.1.tlog
d:\test\c++\projects\win32\tictactoe\tictactoe\x64\debug\link.6688-cvtres.read.1.tlog
d:\test\c++\projects\win32\tictactoe\tictactoe\x64\debug\link.6688-cvtres.write.1.tlog
d:\test\c++\projects\win32\tictactoe\tictactoe\x64\debug\link.6688.read.1.tlog
d:\test\c++\projects\win32\tictactoe\tictactoe\x64\debug\link.6688.write.1.tlog
d:\test\c++\projects\win32\tictactoe\tictactoe\x64\debug\link.command.1.tlog
d:\test\c++\projects\win32\tictactoe\tictactoe\x64\debug\link.read.1.tlog
d:\test\c++\projects\win32\tictactoe\tictactoe\x64\debug\link.write.1.tlog
d:\test\c++\projects\win32\tictactoe\tictactoe\x64\debug\metagen.read.1.tlog
d:\test\c++\projects\win32\tictactoe\tictactoe\x64\debug\metagen.write.1.tlog
d:\test\c++\projects\win32\tictactoe\tictactoe\x64\debug\mt.command.1.tlog
d:\test\c++\projects\win32\tictactoe\tictactoe\x64\debug\mt.read.1.tlog
d:\test\c++\projects\win32\tictactoe\tictactoe\x64\debug\mt.write.1.tlog
d:\test\c++\projects\win32\tictactoe\tictactoe\x64\debug\rc.command.1.tlog
d:\test\c++\projects\win32\tictactoe\tictactoe\x64\debug\rc.read.1.tlog
d:\test\c++\projects\win32\tictactoe\tictactoe\x64\debug\rc.write.1.tlog
d:\test\c++\projects\win32\tictactoe\tictactoe\x64\debug\tictactoe.write.1.tlog
d:\test\c++\projects\win32\tictactoe\tictactoe\x64\debug\vc100.idb
d:\test\c++\projects\win32\tictactoe\tictactoe\x64\debug\tictactoe_manifest.rc
d:\test\c++\projects\win32\tictactoe\tictactoe\x64\debug\rsaenh.dll.bi
d:\test\c++\projects\win32\tictactoe\tictactoe\x64\debug\tzres.dll.bi
d:\test\c++\projects\win32\tictactoe\tictactoe\x64\debug\tictactoe.tlog\cl.command.1.tlog
d:\test\c++\projects\win32\tictactoe\tictactoe\x64\debug\tictactoe.tlog\cl.read.1.tlog
d:\test\c++\projects\win32\tictactoe\tictactoe\x64\debug\tictactoe.tlog\cl.write.1.tlog
d:\test\c++\projects\win32\tictactoe\tictactoe\x64\debug\tictactoe.tlog\link-cvtres.read.1.tlog
d:\test\c++\projects\win32\tictactoe\tictactoe\x64\debug\tictactoe.tlog\link-cvtres.write.1.tlog
d:\test\c++\projects\win32\tictactoe\tictactoe\x64\debug\tictactoe.tlog\link-rc.read.1.tlog
d:\test\c++\projects\win32\tictactoe\tictactoe\x64\debug\tictactoe.tlog\link-rc.write.1.tlog
d:\test\c++\projects\win32\tictactoe\tictactoe\x64\debug\tictactoe.tlog\link.command.1.tlog
d:\test\c++\projects\win32\tictactoe\tictactoe\x64\debug\tictactoe.tlog\link.read.1.tlog
d:\test\c++\projects\win32\tictactoe\tictactoe\x64\debug\tictactoe.tlog\link.write.1.tlog
d:\test\c++\projects\win32\tictactoe\tictactoe\x64\debug\tictactoe.tlog\rc.command.1.tlog
d:\test\c++\projects\win32\tictactoe\tictactoe\x64\debug\tictactoe.tlog\rc.read.1.tlog
d:\test\c++\projects\win32\tictactoe\tictactoe\x64\debug\tictactoe.tlog\rc.write.1.tlog
